09/26/2023 11:38:29 AM: INFO: ************* Start : Test_01_test_Google_Home_Page_Title *************
09/26/2023 11:38:29 AM: INFO: ************* Verfiying Google Home Page *************
09/26/2023 11:38:35 AM: INFO: ************* Google Home Page is displayed *************
09/26/2023 11:38:35 AM: INFO: ************* End : Passed : Test_01_test_Google_Home_Page_Title *************
09/26/2023 11:38:39 AM: INFO: ************* Start : Test_02_test_Google_Home_Page_Search *************
09/26/2023 11:38:39 AM: INFO: ************* Verfiying Google Home Page Search Functionality *************
09/26/2023 11:41:49 AM: INFO: ************* Search Results are displayed successfully *************
09/26/2023 11:41:49 AM: INFO: ************* End : Passed : Test_02_test_Google_Home_Page_Search *************
09/26/2023 12:02:17 PM: INFO: ************* Start : Test_03_test_Amazon_HomePage *************
09/26/2023 12:02:17 PM: INFO: ************* Verifying Amazon Home Page *************
09/26/2023 12:02:49 PM: INFO: ************* Amazon Home Page is displayed *************
09/26/2023 12:02:49 PM: INFO: ************* End : Passed : Test_03_test_Amazon_HomePage *************
09/26/2023 12:02:53 PM: INFO: ************* Start : Test_04_test_Amazon_Product_Price_Search *************
09/26/2023 12:02:53 PM: INFO: ************* Verifying Product Price Range *************
09/26/2023 12:04:18 PM: INFO: ************* Product Price Range is Verified *************
09/26/2023 12:04:18 PM: INFO: ************* End : Passed : Test_04_test_Amazon_Product_Price_Search *************
09/26/2023 12:04:30 PM: INFO: ************* Start : Test_05_test_products_fivestar_rated *************
09/26/2023 12:04:30 PM: INFO: ************* Verifying Five Star Rated Products *************
09/26/2023 12:05:59 PM: INFO: ************* Five Star Rated Products are present *************
09/26/2023 12:05:59 PM: INFO: ************* End : Passed : Test_05_test_products_fivestar_rated *************
09/26/2023 12:06:09 PM: INFO: ************* Start : Test_06_test_wishlist_first_fivestar_rated_product *************
09/26/2023 12:06:09 PM: INFO: ************* Verifying First Five Star Rated Product Added to Wishlist *************
09/26/2023 12:08:36 PM: INFO: ************* First Five Star Rated Product is added to Wishlist *************
09/26/2023 12:08:36 PM: INFO: ************* End : Passed : Test_06_test_wishlist_first_fivestar_rated_product *************
09/26/2023 12:08:47 PM: INFO: ************* Start : Test_01_test_Google_Home_Page_Title *************
09/26/2023 12:08:47 PM: INFO: ************* Verifying Google Home Page i.e. Browser Launch *************
09/26/2023 12:08:53 PM: INFO: ************* Google Home Page is displayed *************
09/26/2023 12:08:53 PM: INFO: ************* End : Passed : Test_01_test_Google_Home_Page_Title *************
09/26/2023 12:08:56 PM: INFO: ************* Start : Test_02_test_Google_Home_Page_Search *************
09/26/2023 12:08:56 PM: INFO: ************* Verifying Google Home Page Search Functionality *************
09/26/2023 12:09:07 PM: INFO: ************* Search Results are displayed successfully *************
09/26/2023 12:09:07 PM: INFO: ************* End : Passed : Test_02_test_Google_Home_Page_Search *************
09/26/2023 12:41:48 PM: INFO: ************* Start : Test_06_test_wishlist_first_fivestar_rated_product *************
09/26/2023 12:41:48 PM: INFO: ************* Verifying First Five Star Rated Product Added to Wishlist *************
09/26/2023 12:41:48 PM: INFO: ************* Start : Test_03_test_Amazon_HomePage *************
09/26/2023 12:41:48 PM: INFO: ************* Verifying Amazon Home Page *************
09/26/2023 12:41:49 PM: INFO: ************* Start : Test_02_test_Google_Home_Page_Search *************
09/26/2023 12:41:49 PM: INFO: ************* Verifying Google Home Page Search Functionality *************
09/26/2023 12:41:49 PM: INFO: ************* Start : Test_01_test_Google_Home_Page_Title *************
09/26/2023 12:41:49 PM: INFO: ************* Verifying Google Home Page i.e. Browser Launch *************
09/26/2023 12:41:49 PM: INFO: ************* Start : Test_04_test_Amazon_Product_Price_Search *************
09/26/2023 12:41:49 PM: INFO: ************* Verifying Product Price Range *************
09/26/2023 12:41:49 PM: INFO: ************* Start : Test_05_test_products_fivestar_rated *************
09/26/2023 12:41:49 PM: INFO: ************* Verifying Five Star Rated Products *************
09/26/2023 12:42:08 PM: INFO: ************* Google Home Page is displayed *************
09/26/2023 12:42:08 PM: INFO: ************* End : Passed : Test_01_test_Google_Home_Page_Title *************
09/26/2023 12:42:23 PM: INFO: ************* Search Results are displayed successfully *************
09/26/2023 12:42:23 PM: INFO: ************* End : Passed : Test_02_test_Google_Home_Page_Search *************
09/26/2023 12:42:37 PM: INFO: ************* Amazon Home Page is displayed *************
09/26/2023 12:42:37 PM: INFO: ************* End : Passed : Test_03_test_Amazon_HomePage *************
09/26/2023 12:43:51 PM: INFO: ************* Five Star Rated Products are present *************
09/26/2023 12:43:51 PM: INFO: ************* End : Passed : Test_05_test_products_fivestar_rated *************
09/26/2023 12:43:56 PM: INFO: ************* Product Price Range is Verified *************
09/26/2023 12:43:56 PM: INFO: ************* End : Passed : Test_04_test_Amazon_Product_Price_Search *************
09/26/2023 12:44:12 PM: INFO: ************* First Five Star Rated Product is added to Wishlist *************
09/26/2023 12:44:12 PM: INFO: ************* End : Passed : Test_06_test_wishlist_first_fivestar_rated_product *************
09/26/2023 02:50:27 PM: INFO: ************* Start : Test_01_test_Google_Home_Page_Title *************
09/26/2023 02:50:27 PM: INFO: ************* Verifying Google Home Page i.e. Browser Launch *************
09/26/2023 02:50:32 PM: INFO: ************* Google Home Page is displayed *************
09/26/2023 02:50:32 PM: INFO: ************* End : Passed : Test_01_test_Google_Home_Page_Title *************
09/26/2023 02:50:35 PM: INFO: ************* Start : Test_02_test_Google_Home_Page_Search *************
09/26/2023 02:50:35 PM: INFO: ************* Verifying Google Home Page Search Functionality *************
09/26/2023 02:50:47 PM: INFO: ************* Search Results are displayed successfully *************
09/26/2023 02:50:48 PM: INFO: ************* End : Passed : Test_02_test_Google_Home_Page_Search *************
09/26/2023 03:26:07 PM: INFO: ************* Start : Test_01_test_Google_Home_Page_Title *************
09/26/2023 03:26:07 PM: INFO: ************* Verifying Google Home Page i.e. Browser Launch *************
09/26/2023 03:26:12 PM: INFO: ************* Google Home Page is displayed *************
09/26/2023 03:26:12 PM: INFO: ************* End : Passed : Test_01_test_Google_Home_Page_Title *************
09/26/2023 03:26:15 PM: INFO: ************* Start : Test_02_test_Google_Home_Page_Search *************
09/26/2023 03:26:15 PM: INFO: ************* Verifying Google Home Page Search Functionality *************
09/26/2023 03:26:24 PM: INFO: ************* Search Results are displayed successfully *************
09/26/2023 03:26:24 PM: INFO: ************* End : Passed : Test_02_test_Google_Home_Page_Search *************
09/26/2023 03:32:15 PM: INFO: ************* Start : Test_01_test_Google_Home_Page_Title *************
09/26/2023 03:32:15 PM: INFO: ************* Verifying Google Home Page i.e. Browser Launch *************
09/26/2023 03:32:22 PM: INFO: ************* Google Home Page is displayed *************
09/26/2023 03:32:22 PM: INFO: ************* End : Passed : Test_01_test_Google_Home_Page_Title *************
09/26/2023 03:32:25 PM: INFO: ************* Start : Test_02_test_Google_Home_Page_Search *************
09/26/2023 03:32:25 PM: INFO: ************* Verifying Google Home Page Search Functionality *************
09/26/2023 03:32:34 PM: INFO: ************* Search Results are displayed successfully *************
09/26/2023 03:32:34 PM: INFO: ************* End : Passed : Test_02_test_Google_Home_Page_Search *************
09/26/2023 03:41:37 PM: INFO: ************* Start : Test_01_test_Google_Home_Page_Title *************
09/26/2023 03:41:37 PM: INFO: ************* Verifying Google Home Page i.e. Browser Launch *************
09/26/2023 03:41:42 PM: INFO: ************* Google Home Page is displayed *************
09/26/2023 03:41:42 PM: INFO: ************* End : Passed : Test_01_test_Google_Home_Page_Title *************
09/26/2023 03:41:45 PM: INFO: ************* Start : Test_02_test_Google_Home_Page_Search *************
09/26/2023 03:41:45 PM: INFO: ************* Verifying Google Home Page Search Functionality *************
09/26/2023 03:41:53 PM: INFO: ************* Search Results are displayed successfully *************
09/26/2023 03:41:53 PM: INFO: ************* End : Passed : Test_02_test_Google_Home_Page_Search *************
09/26/2023 03:45:08 PM: INFO: ************* Start : Test_01_test_Google_Home_Page_Title *************
09/26/2023 03:45:08 PM: INFO: ************* Verifying Google Home Page i.e. Browser Launch *************
09/26/2023 03:45:13 PM: INFO: ************* Google Home Page is displayed *************
09/26/2023 03:45:13 PM: INFO: ************* End : Passed : Test_01_test_Google_Home_Page_Title *************
09/26/2023 03:45:16 PM: INFO: ************* Start : Test_02_test_Google_Home_Page_Search *************
09/26/2023 03:45:16 PM: INFO: ************* Verifying Google Home Page Search Functionality *************
09/26/2023 03:45:26 PM: INFO: ************* Search Results are displayed successfully *************
09/26/2023 03:45:26 PM: INFO: ************* End : Passed : Test_02_test_Google_Home_Page_Search *************
09/26/2023 03:52:59 PM: INFO: ************* Start : Test_01_test_Google_Home_Page_Title *************
09/26/2023 03:52:59 PM: INFO: ************* Verifying Google Home Page i.e. Browser Launch *************
09/26/2023 03:53:04 PM: INFO: ************* Google Home Page is displayed *************
09/26/2023 03:53:04 PM: INFO: ************* End : Passed : Test_01_test_Google_Home_Page_Title *************
09/26/2023 03:53:08 PM: INFO: ************* Start : Test_02_test_Google_Home_Page_Search *************
09/26/2023 03:53:08 PM: INFO: ************* Verifying Google Home Page Search Functionality *************
09/26/2023 03:53:20 PM: INFO: ************* Search Results are displayed successfully *************
09/26/2023 03:53:20 PM: INFO: ************* End : Passed : Test_02_test_Google_Home_Page_Search *************
